<?xml version="1.0" encoding="UTF-8" ?>
<testsuite failures="0" time="0.143" errors="0" skipped="0" tests="4" name="com.tiago.portal.bind.data.RequestTest">
  <properties>
    <property name="java.runtime.name" value="Java(TM) SE Runtime Environment"/>
    <property name="sun.boot.library.path" value="/opt/sun-jdk-1.6.0.31/jre/lib/amd64"/>
    <property name="java.vm.version" value="20.6-b01"/>
    <property name="java.vm.vendor" value="Sun Microsystems Inc."/>
    <property name="java.vendor.url" value="http://java.sun.com/"/>
    <property name="path.separator" value=":"/>
    <property name="java.vm.name" value="Java HotSpot(TM) 64-Bit Server VM"/>
    <property name="file.encoding.pkg" value="sun.io"/>
    <property name="user.country" value="US"/>
    <property name="sun.java.launcher" value="SUN_STANDARD"/>
    <property name="sun.os.patch.level" value="unknown"/>
    <property name="java.vm.specification.name" value="Java Virtual Machine Specification"/>
    <property name="user.dir" value="/home/neo/Documents/workspace-sts/portal"/>
    <property name="java.runtime.version" value="1.6.0_31-b04"/>
    <property name="java.awt.graphicsenv" value="sun.awt.X11GraphicsEnvironment"/>
    <property name="basedir" value="/home/neo/Documents/workspace-sts/portal"/>
    <property name="java.endorsed.dirs" value="/opt/sun-jdk-1.6.0.31/jre/lib/endorsed"/>
    <property name="os.arch" value="amd64"/>
    <property name="surefire.real.class.path" value="/home/neo/Documents/workspace-sts/portal/target/surefire/surefirebooter5559403137930140989.jar"/>
    <property name="java.io.tmpdir" value="/tmp"/>
    <property name="line.separator" value="
"/>
    <property name="java.vm.specification.vendor" value="Sun Microsystems Inc."/>
    <property name="os.name" value="Linux"/>
    <property name="sun.jnu.encoding" value="ANSI_X3.4-1968"/>
    <property name="java.library.path" value="/opt/sun-jdk-1.6.0.31/jre/lib/amd64/server:/opt/sun-jdk-1.6.0.31/jre/lib/amd64:/opt/sun-jdk-1.6.0.31/jre/../lib/amd64:/opt/icedtea-bin-6.1.11.1/jre/lib/amd64/server:/opt/icedtea-bin-6.1.11.1/jre/lib/amd64:/opt/icedtea-bin-6.1.11.1/jre/../lib/amd64:/usr/java/packages/lib/amd64:/usr/lib64:/lib64:/lib:/usr/lib"/>
    <property name="surefire.test.class.path" value="/home/neo/Documents/workspace-sts/portal/target/test-classes:/home/neo/Documents/workspace-sts/portal/target/classes:/home/neo/.m2/repository/org/springframework/spring-context/3.1.0.RELEASE/spring-context-3.1.0.RELEASE.jar:/home/neo/.m2/repository/org/springframework/spring-webmvc/3.1.0.RELEASE/spring-webmvc-3.1.0.RELEASE.jar:/home/neo/.m2/repository/org/springframework/spring-web/3.1.0.RELEASE/spring-web-3.1.0.RELEASE.jar:/home/neo/.m2/repository/org/springframework/spring-aop/3.1.0.RELEASE/spring-aop-3.1.0.RELEASE.jar:/home/neo/.m2/repository/aopalliance/aopalliance/1.0/aopalliance-1.0.jar:/home/neo/.m2/repository/org/springframework/spring-asm/3.1.0.RELEASE/spring-asm-3.1.0.RELEASE.jar:/home/neo/.m2/repository/org/springframework/spring-beans/3.1.0.RELEASE/spring-beans-3.1.0.RELEASE.jar:/home/neo/.m2/repository/org/springframework/spring-context-support/3.1.0.RELEASE/spring-context-support-3.1.0.RELEASE.jar:/home/neo/.m2/repository/org/springframework/spring-core/3.1.0.RELEASE/spring-core-3.1.0.RELEASE.jar:/home/neo/.m2/repository/commons-logging/commons-logging/1.1.1/commons-logging-1.1.1.jar:/home/neo/.m2/repository/org/springframework/spring-expression/3.1.0.RELEASE/spring-expression-3.1.0.RELEASE.jar:/home/neo/.m2/repository/org/aspectj/aspectjrt/1.6.9/aspectjrt-1.6.9.jar:/home/neo/.m2/repository/org/slf4j/slf4j-api/1.5.10/slf4j-api-1.5.10.jar:/home/neo/.m2/repository/org/slf4j/jcl-over-slf4j/1.5.10/jcl-over-slf4j-1.5.10.jar:/home/neo/.m2/repository/org/slf4j/slf4j-log4j12/1.5.10/slf4j-log4j12-1.5.10.jar:/home/neo/.m2/repository/log4j/log4j/1.2.15/log4j-1.2.15.jar:/home/neo/.m2/repository/javax/inject/javax.inject/1/javax.inject-1.jar:/home/neo/.m2/repository/javax/servlet/servlet-api/2.5/servlet-api-2.5.jar:/home/neo/.m2/repository/javax/servlet/jsp/jsp-api/2.1/jsp-api-2.1.jar:/home/neo/.m2/repository/javax/servlet/jstl/1.2/jstl-1.2.jar:/home/neo/.m2/repository/org/codehaus/jackson/jackson-mapper-asl/1.9.4/jackson-mapper-asl-1.9.4.jar:/home/neo/.m2/repository/org/codehaus/jackson/jackson-core-asl/1.9.4/jackson-core-asl-1.9.4.jar:/home/neo/.m2/repository/junit/junit/4.7/junit-4.7.jar:/home/neo/.m2/repository/org/springframework/spring-test/3.1.0.RELEASE/spring-test-3.1.0.RELEASE.jar:/home/neo/.m2/repository/cglib/cglib-nodep/2.2.2/cglib-nodep-2.2.2.jar:"/>
    <property name="java.specification.name" value="Java Platform API Specification"/>
    <property name="java.class.version" value="50.0"/>
    <property name="sun.management.compiler" value="HotSpot 64-Bit Tiered Compilers"/>
    <property name="os.version" value="3.2.12-gentoo-rc"/>
    <property name="user.home" value="/home/neo"/>
    <property name="user.timezone" value="Europe/Lisbon"/>
    <property name="java.awt.printerjob" value="sun.print.PSPrinterJob"/>
    <property name="file.encoding" value="ANSI_X3.4-1968"/>
    <property name="java.specification.version" value="1.6"/>
    <property name="user.name" value="neo"/>
    <property name="java.class.path" value="/home/neo/Documents/workspace-sts/portal/target/test-classes:/home/neo/Documents/workspace-sts/portal/target/classes:/home/neo/.m2/repository/org/springframework/spring-context/3.1.0.RELEASE/spring-context-3.1.0.RELEASE.jar:/home/neo/.m2/repository/org/springframework/spring-webmvc/3.1.0.RELEASE/spring-webmvc-3.1.0.RELEASE.jar:/home/neo/.m2/repository/org/springframework/spring-web/3.1.0.RELEASE/spring-web-3.1.0.RELEASE.jar:/home/neo/.m2/repository/org/springframework/spring-aop/3.1.0.RELEASE/spring-aop-3.1.0.RELEASE.jar:/home/neo/.m2/repository/aopalliance/aopalliance/1.0/aopalliance-1.0.jar:/home/neo/.m2/repository/org/springframework/spring-asm/3.1.0.RELEASE/spring-asm-3.1.0.RELEASE.jar:/home/neo/.m2/repository/org/springframework/spring-beans/3.1.0.RELEASE/spring-beans-3.1.0.RELEASE.jar:/home/neo/.m2/repository/org/springframework/spring-context-support/3.1.0.RELEASE/spring-context-support-3.1.0.RELEASE.jar:/home/neo/.m2/repository/org/springframework/spring-core/3.1.0.RELEASE/spring-core-3.1.0.RELEASE.jar:/home/neo/.m2/repository/commons-logging/commons-logging/1.1.1/commons-logging-1.1.1.jar:/home/neo/.m2/repository/org/springframework/spring-expression/3.1.0.RELEASE/spring-expression-3.1.0.RELEASE.jar:/home/neo/.m2/repository/org/aspectj/aspectjrt/1.6.9/aspectjrt-1.6.9.jar:/home/neo/.m2/repository/org/slf4j/slf4j-api/1.5.10/slf4j-api-1.5.10.jar:/home/neo/.m2/repository/org/slf4j/jcl-over-slf4j/1.5.10/jcl-over-slf4j-1.5.10.jar:/home/neo/.m2/repository/org/slf4j/slf4j-log4j12/1.5.10/slf4j-log4j12-1.5.10.jar:/home/neo/.m2/repository/log4j/log4j/1.2.15/log4j-1.2.15.jar:/home/neo/.m2/repository/javax/inject/javax.inject/1/javax.inject-1.jar:/home/neo/.m2/repository/javax/servlet/servlet-api/2.5/servlet-api-2.5.jar:/home/neo/.m2/repository/javax/servlet/jsp/jsp-api/2.1/jsp-api-2.1.jar:/home/neo/.m2/repository/javax/servlet/jstl/1.2/jstl-1.2.jar:/home/neo/.m2/repository/org/codehaus/jackson/jackson-mapper-asl/1.9.4/jackson-mapper-asl-1.9.4.jar:/home/neo/.m2/repository/org/codehaus/jackson/jackson-core-asl/1.9.4/jackson-core-asl-1.9.4.jar:/home/neo/.m2/repository/junit/junit/4.7/junit-4.7.jar:/home/neo/.m2/repository/org/springframework/spring-test/3.1.0.RELEASE/spring-test-3.1.0.RELEASE.jar:/home/neo/.m2/repository/cglib/cglib-nodep/2.2.2/cglib-nodep-2.2.2.jar:"/>
    <property name="java.vm.specification.version" value="1.0"/>
    <property name="sun.arch.data.model" value="64"/>
    <property name="java.home" value="/opt/sun-jdk-1.6.0.31/jre"/>
    <property name="sun.java.command" value="/home/neo/Documents/workspace-sts/portal/target/surefire/surefirebooter5559403137930140989.jar /home/neo/Documents/workspace-sts/portal/target/surefire/surefire6988549726486718613tmp /home/neo/Documents/workspace-sts/portal/target/surefire/surefire4014822922994024992tmp"/>
    <property name="java.specification.vendor" value="Sun Microsystems Inc."/>
    <property name="user.language" value="en"/>
    <property name="java.vm.info" value="mixed mode"/>
    <property name="java.version" value="1.6.0_31"/>
    <property name="java.ext.dirs" value="/opt/sun-jdk-1.6.0.31/jre/lib/ext:/usr/java/packages/lib/ext"/>
    <property name="sun.boot.class.path" value="/opt/sun-jdk-1.6.0.31/jre/lib/resources.jar:/opt/sun-jdk-1.6.0.31/jre/lib/rt.jar:/opt/sun-jdk-1.6.0.31/jre/lib/sunrsasign.jar:/opt/sun-jdk-1.6.0.31/jre/lib/jsse.jar:/opt/sun-jdk-1.6.0.31/jre/lib/jce.jar:/opt/sun-jdk-1.6.0.31/jre/lib/charsets.jar:/opt/sun-jdk-1.6.0.31/jre/lib/modules/jdk.boot.jar:/opt/sun-jdk-1.6.0.31/jre/classes"/>
    <property name="java.vendor" value="Sun Microsystems Inc."/>
    <property name="localRepository" value="/home/neo/.m2/repository"/>
    <property name="file.separator" value="/"/>
    <property name="java.vendor.url.bug" value="http://java.sun.com/cgi-bin/bugreport.cgi"/>
    <property name="sun.cpu.endian" value="little"/>
    <property name="sun.io.unicode.encoding" value="UnicodeLittle"/>
    <property name="sun.desktop" value="gnome"/>
    <property name="sun.cpu.isalist" value=""/>
  </properties>
  <testcase time="0.01" classname="com.tiago.portal.bind.data.RequestTest" name="testRequestContext"/>
  <testcase time="0.002" classname="com.tiago.portal.bind.data.RequestTest" name="testObjectMapper"/>
  <testcase time="0.002" classname="com.tiago.portal.bind.data.RequestTest" name="testJsonConverter"/>
  <testcase time="0.122" classname="com.tiago.portal.bind.data.RequestTest" name="testRequestConvert"/>
</testsuite>